#
# There is insufficient memory for the Java Runtime Environment to continue.
# Native memory allocation (malloc) failed to allocate 1401136 bytes for Chunk::new
# Possible reasons:
#   The system is out of physical RAM or swap space
#   In 32 bit mode, the process size limit was hit
# Possible solutions:
#   Reduce memory load on the system
#   Increase physical memory or swap space
#   Check if swap backing store is full
#   Use 64 bit Java on a 64 bit OS
#   Decrease Java heap size (-Xmx/-Xms)
#   Decrease number of Java threads
#   Decrease Java thread stack sizes (-Xss)
#   Set larger code cache with -XX:ReservedCodeCacheSize=
# This output file may be truncated or incomplete.
#
#  Out of Memory Error (allocation.cpp:390), pid=3880, tid=3952
#
# JRE version: Java(TM) SE Runtime Environment (8.0_20-b26) (build 1.8.0_20-b26)
# Java VM: Java HotSpot(TM) 64-Bit Server VM (25.20-b23 mixed mode windows-amd64 compressed oops)
# Failed to write core dump. Minidumps are not enabled by default on client versions of Windows
#

---------------  T H R E A D  ---------------

Current thread (0x000000001429b000):  JavaThread "C2 CompilerThread0" daemon [_thread_in_native, id=3952, stack(0x00000000151d0000,0x00000000152d0000)]

Stack: [0x00000000151d0000,0x00000000152d0000]
Native frames: (J=compiled Java code, j=interpreted, Vv=VM code, C=native code)
V  [jvm.dll+0x3152fa]


Current CompileTask:
C2:  93733 4188       4       java.net.URLClassLoader$1::run (5 bytes)


---------------  P R O C E S S  ---------------

Java Threads: ( => current thread )
  0x0000000014306000 JavaThread "Service Thread" daemon [_thread_blocked, id=904, stack(0x00000000153d0000,0x00000000154d0000)]
  0x00000000142a9000 JavaThread "C1 CompilerThread1" daemon [_thread_blocked, id=1388, stack(0x00000000152d0000,0x00000000153d0000)]
=>0x000000001429b000 JavaThread "C2 CompilerThread0" daemon [_thread_in_native, id=3952, stack(0x00000000151d0000,0x00000000152d0000)]
  0x0000000014299000 JavaThread "Attach Listener" daemon [_thread_blocked, id=6836, stack(0x00000000150d0000,0x00000000151d0000)]
  0x0000000014296000 JavaThread "Signal Dispatcher" daemon [_thread_blocked, id=6640, stack(0x0000000014fd0000,0x00000000150d0000)]
  0x000000001425a000 JavaThread "Finalizer" daemon [_thread_blocked, id=1904, stack(0x0000000014ed0000,0x0000000014fd0000)]
  0x0000000014251800 JavaThread "Reference Handler" daemon [_thread_blocked, id=6632, stack(0x0000000014dd0000,0x0000000014ed0000)]
  0x0000000001d10800 JavaThread "main" [_thread_blocked, id=7016, stack(0x0000000001c10000,0x0000000001d10000)]

Other Threads:
  0x000000001424b000 VMThread [stack: 0x0000000014cd0000,0x0000000014dd0000] [id=2948]
  0x0000000014307000 WatcherThread [stack: 0x00000000154d0000,0x00000000155d0000] [id=4780]

VM state:at safepoint (normal execution)

VM Mutex/Monitor currently owned by a thread:  ([mutex/lock_event])
[0x0000000001c0ce90] Threads_lock - owner thread: 0x000000001424b000
[0x0000000001c0c610] Heap_lock - owner thread: 0x0000000001d10800

Heap:
 PSYoungGen      total 305664K, used 2708K [0x00000000eab00000, 0x0000000100000000, 0x0000000100000000)
  eden space 262144K, 0% used [0x00000000eab00000,0x00000000eab00000,0x00000000fab00000)
  from space 43520K, 6% used [0x00000000fd580000,0x00000000fd8251e0,0x0000000100000000)
  to   space 43520K, 0% used [0x00000000fab00000,0x00000000fab00000,0x00000000fd580000)
 ParOldGen       total 699392K, used 31793K [0x00000000c0000000, 0x00000000eab00000, 0x00000000eab00000)
  object space 699392K, 4% used [0x00000000c0000000,0x00000000c1f0c5a0,0x00000000eab00000)
 Metaspace       used 22534K, capacity 23010K, committed 23088K, reserved 1073152K
  class space    used 2683K, capacity 2824K, committed 2864K, reserved 1048576K

Card table byte_map: [0x00000000111d0000,0x00000000113e0000] byte_map_base: 0x0000000010bd0000

Marking Bits: (ParMarkBitMap*) 0x000000006026b460
 Begin Bits: [0x0000000011740000, 0x0000000012740000)
 End Bits:   [0x0000000012740000, 0x0000000013740000)

Polling page: 0x0000000001ab0000

CodeCache: size=245760Kb used=13093Kb max_used=13093Kb free=232666Kb
 bounds [0x0000000001e10000, 0x0000000002af0000, 0x0000000010e10000]
 total_blobs=4236 nmethods=3852 adapters=298
 compilation: enabled

Compilation events (10 events):
Event: 92.992 Thread 0x00000000142a9000 4247       3       com.google.inject.internal.InternalInjectorCreator::isEagerSingleton (44 bytes)
Event: 92.992 Thread 0x00000000142a9000 nmethod 4247 0x0000000002ad8cd0 code [0x0000000002ad8e80, 0x0000000002ad9548]
Event: 92.992 Thread 0x00000000142a9000 4248       3       com.google.inject.internal.Scoping::isEagerSingleton (38 bytes)
Event: 92.993 Thread 0x00000000142a9000 nmethod 4248 0x0000000002ad9710 code [0x0000000002ad9880, 0x0000000002ad9b30]
Event: 92.993 Thread 0x00000000142a9000 4245       3       com.google.inject.internal.InjectorShell$InjectorFactory::get (10 bytes)
Event: 92.993 Thread 0x00000000142a9000 nmethod 4245 0x0000000002ad9bd0 code [0x0000000002ad9d40, 0x0000000002ad9f10]
Event: 92.993 Thread 0x00000000142a9000 4249       1       java.util.HashMap::afterNodeRemoval (1 bytes)
Event: 92.993 Thread 0x00000000142a9000 nmethod 4249 0x0000000002ad9fd0 code [0x0000000002ada120, 0x0000000002ada230]
Event: 92.993 Thread 0x00000000142a9000 4246       3       com.google.inject.internal.InjectorShell$InjectorFactory::get (5 bytes)
Event: 92.994 Thread 0x00000000142a9000 nmethod 4246 0x0000000002ada290 code [0x0000000002ada3e0, 0x0000000002ada530]

GC Heap History (4 events):
Event: 74.769 GC heap before
{Heap before GC invocations=1 (full 0):
 PSYoungGen      total 305664K, used 252183K [0x00000000eab00000, 0x0000000100000000, 0x0000000100000000)
  eden space 262144K, 96% used [0x00000000eab00000,0x00000000fa145e30,0x00000000fab00000)
  from space 43520K, 0% used [0x00000000fd580000,0x00000000fd580000,0x0000000100000000)
  to   space 43520K, 0% used [0x00000000fab00000,0x00000000fab00000,0x00000000fd580000)
 ParOldGen       total 699392K, used 0K [0x00000000c0000000, 0x00000000eab00000, 0x00000000eab00000)
  object space 699392K, 0% used [0x00000000c0000000,0x00000000c0000000,0x00000000eab00000)
 Metaspace       used 20781K, capacity 21182K, committed 21296K, reserved 1069056K
  class space    used 2433K, capacity 2581K, committed 2608K, reserved 1048576K
Event: 75.317 GC heap after
Heap after GC invocations=1 (full 0):
 PSYoungGen      total 305664K, used 32399K [0x00000000eab00000, 0x0000000100000000, 0x0000000100000000)
  eden space 262144K, 0% used [0x00000000eab00000,0x00000000eab00000,0x00000000fab00000)
  from space 43520K, 74% used [0x00000000fab00000,0x00000000fcaa3c40,0x00000000fd580000)
  to   space 43520K, 0% used [0x00000000fd580000,0x00000000fd580000,0x0000000100000000)
 ParOldGen       total 699392K, used 8K [0x00000000c0000000, 0x00000000eab00000, 0x00000000eab00000)
  object space 699392K, 0% used [0x00000000c0000000,0x00000000c0002000,0x00000000eab00000)
 Metaspace       used 20781K, capacity 21182K, committed 21296K, reserved 1069056K
  class space    used 2433K, capacity 2581K, committed 2608K, reserved 1048576K
}
Event: 75.317 GC heap before
{Heap before GC invocations=2 (full 1):
 PSYoungGen      total 305664K, used 32399K [0x00000000eab00000, 0x0000000100000000, 0x0000000100000000)
  eden space 262144K, 0% used [0x00000000eab00000,0x00000000eab00000,0x00000000fab00000)
  from space 43520K, 74% used [0x00000000fab00000,0x00000000fcaa3c40,0x00000000fd580000)
  to   space 43520K, 0% used [0x00000000fd580000,0x00000000fd580000,0x0000000100000000)
 ParOldGen       total 699392K, used 8K [0x00000000c0000000, 0x00000000eab00000, 0x00000000eab00000)
  object space 699392K, 0% used [0x00000000c0000000,0x00000000c0002000,0x00000000eab00000)
 Metaspace       used 20781K, capacity 21182K, committed 21296K, reserved 1069056K
  class space    used 2433K, capacity 2581K, committed 2608K, reserved 1048576K
Event: 76.279 GC heap after
Heap after GC invocations=2 (full 1):
 PSYoungGen      total 305664K, used 0K [0x00000000eab00000, 0x0000000100000000, 0x0000000100000000)
  eden space 262144K, 0% used [0x00000000eab00000,0x00000000eab00000,0x00000000fab00000)
  from space 43520K, 0% used [0x00000000fab00000,0x00000000fab00000,0x00000000fd580000)
  to   space 43520K, 0% used [0x00000000fd580000,0x00000000fd580000,0x0000000100000000)
 ParOldGen       total 699392K, used 31793K [0x00000000c0000000, 0x00000000eab00000, 0x00000000eab00000)
  object space 699392K, 4% used [0x00000000c0000000,0x00000000c1f0c5a0,0x00000000eab00000)
 Metaspace       used 20781K, capacity 21182K, committed 21296K, reserved 1069056K
  class space    used 2433K, capacity 2581K, committed 2608K, reserved 1048576K
}

Deoptimization events (10 events):
Event: 72.371 Thread 0x0000000001d10800 Uncommon trap: reason=bimorphic action=maybe_recompile pc=0x0000000002a0b108 method=com.sun.tools.javac.code.Type$ClassType.isParameterized()Z @ 1
Event: 72.371 Thread 0x0000000001d10800 Uncommon trap: reason=bimorphic action=maybe_recompile pc=0x0000000002a0b108 method=com.sun.tools.javac.code.Type$ClassType.isParameterized()Z @ 1
Event: 76.349 Thread 0x000000001425a000 Uncommon trap: reason=unreached action=reinterpret pc=0x0000000002371fdc method=java.lang.ref.ReferenceQueue.poll()Ljava/lang/ref/Reference; @ 4
Event: 76.349 Thread 0x000000001425a000 Uncommon trap: reason=unreached action=reinterpret pc=0x0000000002483bd4 method=java.lang.ref.ReferenceQueue.poll()Ljava/lang/ref/Reference; @ 4
Event: 76.388 Thread 0x000000001425a000 Uncommon trap: reason=unreached action=reinterpret pc=0x0000000001f6636c method=java.lang.ref.ReferenceQueue.reallyPoll()Ljava/lang/ref/Reference; @ 6
Event: 76.410 Thread 0x0000000001d10800 Uncommon trap: reason=bimorphic action=maybe_recompile pc=0x00000000023753c4 method=java.util.concurrent.ConcurrentHashMap.get(Ljava/lang/Object;)Ljava/lang/Object; @ 149
Event: 76.413 Thread 0x0000000001d10800 Uncommon trap: reason=unreached action=reinterpret pc=0x000000000253df78 method=org.apache.maven.model.ConfigurationContainer.clone()Lorg/apache/maven/model/ConfigurationContainer; @ 37
Event: 76.851 Thread 0x0000000001d10800 Uncommon trap: reason=null_check action=make_not_entrant pc=0x00000000026c8d80 method=org.codehaus.plexus.interpolation.reflection.ReflectionValueExtractor.getClassMap(Ljava/lang/Class;)Lorg/codehaus/plexus/interpolation/reflection/ClassMap; @ 21
Event: 76.852 Thread 0x0000000001d10800 Uncommon trap: reason=null_check action=make_not_entrant pc=0x000000000261aaa8 method=org.codehaus.plexus.interpolation.reflection.ReflectionValueExtractor.getClassMap(Ljava/lang/Class;)Lorg/codehaus/plexus/interpolation/reflection/ClassMap; @ 21
Event: 76.860 Thread 0x0000000001d10800 Uncommon trap: reason=unreached action=reinterpret pc=0x00000000025d2514 method=java.lang.ref.ReferenceQueue.poll()Ljava/lang/ref/Reference; @ 4

Internal exceptions (10 events):
Event: 92.905 Thread 0x0000000001d10800 Exception <a 'java/security/PrivilegedActionException'> (0x00000000ec8630e0) thrown at [D:\re\workspace\8-2-build-windows-amd64-cygwin\jdk8u20\1074\hotspot\src\share\vm\prims\jvm.cpp, line 1275]
Event: 92.905 Thread 0x0000000001d10800 Exception <a 'java/security/PrivilegedActionException'> (0x00000000ec863aa0) thrown at [D:\re\workspace\8-2-build-windows-amd64-cygwin\jdk8u20\1074\hotspot\src\share\vm\prims\jvm.cpp, line 1275]
Event: 92.909 Thread 0x0000000001d10800 Exception <a 'java/security/PrivilegedActionException'> (0x00000000ec868190) thrown at [D:\re\workspace\8-2-build-windows-amd64-cygwin\jdk8u20\1074\hotspot\src\share\vm\prims\jvm.cpp, line 1275]
Event: 92.909 Thread 0x0000000001d10800 Exception <a 'java/security/PrivilegedActionException'> (0x00000000ec868c50) thrown at [D:\re\workspace\8-2-build-windows-amd64-cygwin\jdk8u20\1074\hotspot\src\share\vm\prims\jvm.cpp, line 1275]
Event: 92.910 Thread 0x0000000001d10800 Exception <a 'java/security/PrivilegedActionException'> (0x00000000ec86cab0) thrown at [D:\re\workspace\8-2-build-windows-amd64-cygwin\jdk8u20\1074\hotspot\src\share\vm\prims\jvm.cpp, line 1275]
Event: 92.910 Thread 0x0000000001d10800 Exception <a 'java/security/PrivilegedActionException'> (0x00000000ec86d440) thrown at [D:\re\workspace\8-2-build-windows-amd64-cygwin\jdk8u20\1074\hotspot\src\share\vm\prims\jvm.cpp, line 1275]
Event: 92.913 Thread 0x0000000001d10800 Exception <a 'java/security/PrivilegedActionException'> (0x00000000ec871628) thrown at [D:\re\workspace\8-2-build-windows-amd64-cygwin\jdk8u20\1074\hotspot\src\share\vm\prims\jvm.cpp, line 1275]
Event: 92.913 Thread 0x0000000001d10800 Exception <a 'java/security/PrivilegedActionException'> (0x00000000ec872038) thrown at [D:\re\workspace\8-2-build-windows-amd64-cygwin\jdk8u20\1074\hotspot\src\share\vm\prims\jvm.cpp, line 1275]
Event: 92.959 Thread 0x0000000001d10800 Exception <a 'java/security/PrivilegedActionException'> (0x00000000ec875bf0) thrown at [D:\re\workspace\8-2-build-windows-amd64-cygwin\jdk8u20\1074\hotspot\src\share\vm\prims\jvm.cpp, line 1275]
Event: 92.996 Thread 0x0000000001d10800 Exception <a 'java/security/PrivilegedActionException'> (0x00000000ec8c0360) thrown at [D:\re\workspace\8-2-build-windows-amd64-cygwin\jdk8u20\1074\hotspot\src\share\vm\prims\jvm.cpp, line 1275]

Events (10 events):
Event: 92.959 loading class org/codehaus/plexus/components/io/filemappers/RegExpFileMapper
Event: 92.959 loading class org/codehaus/plexus/components/io/filemappers/RegExpFileMapper done
Event: 92.995 loading class org/codehaus/plexus/util/xml/XmlStreamReader
Event: 92.995 loading class org/codehaus/plexus/util/xml/XmlStreamReader done
Event: 92.995 loading class org/codehaus/plexus/util/xml/XmlStreamReader
Event: 92.995 loading class org/codehaus/plexus/util/xml/XmlStreamReader done
Event: 93.002 loading class org/codehaus/plexus/util/xml/XmlReader
Event: 93.002 loading class org/codehaus/plexus/util/xml/XmlReader done
Event: 93.002 loading class org/codehaus/plexus/util/xml/XmlReader
Event: 93.002 loading class org/codehaus/plexus/util/xml/XmlReader done


Dynamic libraries:
0x00007ff6210f0000 - 0x00007ff621124000 	C:\Program Files\Java\jdk1.8.0_20\bin\javaw.exe
0x00007fff99dc0000 - 0x00007fff99f6a000 	C:\WINDOWS\SYSTEM32\ntdll.dll
0x00007fff991b0000 - 0x00007fff992ea000 	C:\WINDOWS\system32\KERNEL32.DLL
0x00007fff97480000 - 0x00007fff9758f000 	C:\WINDOWS\system32\KERNELBASE.dll
0x00007fff95d60000 - 0x00007fff95de8000 	C:\WINDOWS\system32\apphelp.dll
0x00007fff8d8f0000 - 0x00007fff8d93f000 	C:\WINDOWS\AppPatch\AppPatch64\AcGenral.DLL
0x00007fff99950000 - 0x00007fff999f7000 	C:\WINDOWS\system32\msvcrt.dll
0x00007fff96f70000 - 0x00007fff96f9b000 	C:\WINDOWS\SYSTEM32\SspiCli.dll
0x00007fff99c50000 - 0x00007fff99ca1000 	C:\WINDOWS\system32\SHLWAPI.dll
0x00007fff997d0000 - 0x00007fff99941000 	C:\WINDOWS\system32\USER32.dll
0x00007fff99640000 - 0x00007fff997b8000 	C:\WINDOWS\system32\ole32.dll
0x00007fff97ab0000 - 0x00007fff98ecf000 	C:\WINDOWS\system32\SHELL32.dll
0x00007fff96740000 - 0x00007fff9675e000 	C:\WINDOWS\SYSTEM32\USERENV.dll
0x00007fff99cb0000 - 0x00007fff99d55000 	C:\WINDOWS\system32\ADVAPI32.dll
0x00007fff893d0000 - 0x00007fff893eb000 	C:\WINDOWS\SYSTEM32\MPR.dll
0x00007fff97710000 - 0x00007fff97847000 	C:\WINDOWS\system32\RPCRT4.dll
0x00007fff976b0000 - 0x00007fff97707000 	C:\WINDOWS\SYSTEM32\sechost.dll
0x00007fff98ed0000 - 0x00007fff990a6000 	C:\WINDOWS\SYSTEM32\combase.dll
0x00007fff99430000 - 0x00007fff99574000 	C:\WINDOWS\system32\GDI32.dll
0x00007fff97130000 - 0x00007fff97144000 	C:\WINDOWS\SYSTEM32\profapi.dll
0x00007fff941e0000 - 0x00007fff9427f000 	C:\WINDOWS\SYSTEM32\SHCORE.dll
0x00007fff990b0000 - 0x00007fff990e4000 	C:\WINDOWS\system32\IMM32.DLL
0x00007fff992f0000 - 0x00007fff99429000 	C:\WINDOWS\system32\MSCTF.dll
0x00007fff95160000 - 0x00007fff953ba000 	C:\WINDOWS\WinSxS\amd64_microsoft.windows.common-controls_6595b64144ccf1df_6.0.9600.17031_none_6242a4b3ecbb55a1\COMCTL32.dll
0x00000000602f0000 - 0x00000000603c2000 	C:\Program Files\Java\jdk1.8.0_20\jre\bin\msvcr100.dll
0x000000005fa90000 - 0x00000000602e8000 	C:\Program Files\Java\jdk1.8.0_20\jre\bin\server\jvm.dll
0x00007fff90d30000 - 0x00007fff90d39000 	C:\WINDOWS\SYSTEM32\WSOCK32.dll
0x00007fff88fa0000 - 0x00007fff88fbf000 	C:\WINDOWS\SYSTEM32\WINMM.dll
0x00007fff997c0000 - 0x00007fff997c7000 	C:\WINDOWS\system32\PSAPI.DLL
0x00007fff97650000 - 0x00007fff976a8000 	C:\WINDOWS\system32\WS2_32.dll
0x00007fff88f30000 - 0x00007fff88f5a000 	C:\WINDOWS\SYSTEM32\WINMMBASE.dll
0x00007fff97640000 - 0x00007fff97649000 	C:\WINDOWS\system32\NSI.dll
0x00007fff97200000 - 0x00007fff9724a000 	C:\WINDOWS\SYSTEM32\cfgmgr32.dll
0x00007fff95fc0000 - 0x00007fff95fe6000 	C:\WINDOWS\SYSTEM32\DEVOBJ.dll
0x0000000061080000 - 0x000000006108f000 	C:\Program Files\Java\jdk1.8.0_20\jre\bin\verify.dll
0x000000005fa60000 - 0x000000005fa88000 	C:\Program Files\Java\jdk1.8.0_20\jre\bin\java.dll
0x000000005fa40000 - 0x000000005fa56000 	C:\Program Files\Java\jdk1.8.0_20\jre\bin\zip.dll
0x000000005fa20000 - 0x000000005fa3a000 	C:\Program Files\Java\jdk1.8.0_20\jre\bin\net.dll
0x00007fff969f0000 - 0x00007fff96a48000 	C:\WINDOWS\system32\mswsock.dll
0x000000005fa00000 - 0x000000005fa11000 	C:\Program Files\Java\jdk1.8.0_20\jre\bin\nio.dll

VM Arguments:
jvm_args: -Dmaven.home=EMBEDDED -Dclassworlds.conf=D:\Workspace test\.metadata\.plugins\org.eclipse.m2e.launching\launches\m2conf2835880193732903562.tmp -Xmx1g -Xms1g -Dfile.encoding=UTF-8 
java_command: org.codehaus.plexus.classworlds.launcher.Launcher -B -s C:\Users\JMS\.m2\settings.xml clean install
java_class_path (initial): /D:/IDE/EclipseSTS3.61-4.4/sts-bundle/sts-3.6.1.RELEASE/plugins/org.eclipse.m2e.maven.runtime_1.5.0.20140605-2032/jars/plexus-classworlds-2.5.1.jar
Launcher Type: SUN_STANDARD

Environment Variables:
JAVA_HOME=C:\Program Files\Java\jdk1.8.0_20
PATH=C:/Program Files/Java/jre1.8.0_20/bin/server;C:/Program Files/Java/jre1.8.0_20/bin;C:/Program Files/Java/jre1.8.0_20/lib/amd64;C:\ProgramData\Oracle\Java\javapath;C:\Program Files\Java\jdk1.7.0_51\bin;D:\IDE\apache-maven-3.2.1\bin;C:\Program Files (x86)\NVIDIA Corporation\PhysX\Common;C:\WINDOWS\system32;C:\WINDOWS;C:\WINDOWS\System32\Wbem;C:\WINDOWS\System32\WindowsPowerShell\v1.0\;d:\IDE\Android-sdk\platform-tools;d:\IDE\Android-sdk\android-sdk-windows\tools;C:\Users\JMS\AppData\Roaming\npm;D:\IDE\AndroidStudio\sdk\tools;D:\IDE\AndroidStudio\sdk\platform-tools;D:\IDE\ant-1.9.4/bin;C:\Program Files (x86)\Git/bin;C:\Program Files\nodejs\;C:\Program Files\TortoiseSVN\bin;C:\Users\JMS\AppData\Roaming\npm;D:\IDE\EclipseSTS3.61-4.4\sts-bundle\sts-3.6.1.RELEASE;
USERNAME=JMS
OS=Windows_NT
PROCESSOR_IDENTIFIER=Intel64 Family 6 Model 23 Stepping 10, GenuineIntel



---------------  S Y S T E M  ---------------

OS: Windows 8.1 , 64 bit Build 9600 

CPU:total 2 (2 cores per cpu, 1 threads per core) family 6 model 23 stepping 10, cmov, cx8, fxsr, mmx, sse, sse2, sse3, ssse3, tsc

Memory: 4k page, physical 4193552k(481436k free), swap 7339280k(4916k free)

vm_info: Java HotSpot(TM) 64-Bit Server VM (25.20-b23) for windows-amd64 JRE (1.8.0_20-b26), built on Jul 30 2014 13:51:23 by "java_re" with MS VC++ 10.0 (VS2010)

time: Tue Oct 14 14:46:39 2014
elapsed time: 93 seconds (0d 0h 1m 33s)

